Determining if the pthread_create exist failed with the following output:
Change Dir: /home/devtop/pacmod_game_control_ui/src/build/CMakeFiles/CMakeTmp

Run Build Command:"/usr/bin/make" "cmTC_fe1cf/fast"
/usr/bin/make -f CMakeFiles/cmTC_fe1cf.dir/build.make CMakeFiles/cmTC_fe1cf.dir/build
make[1]: Entering directory '/home/devtop/pacmod_game_control_ui/src/build/CMakeFiles/CMakeTmp'
Building C object CMakeFiles/cmTC_fe1cf.dir/CheckSymbolExists.c.o
/usr/bin/x86_64-linux-gnu-gcc-7    -o CMakeFiles/cmTC_fe1cf.dir/CheckSymbolExists.c.o   -c /home/devtop/pacmod_game_control_ui/src/build/CMakeFiles/CMakeTmp/CheckSymbolExists.c
Linking C executable cmTC_fe1cf
/usr/bin/cmake -E cmake_link_script CMakeFiles/cmTC_fe1cf.dir/link.txt --verbose=1
/usr/bin/x86_64-linux-gnu-gcc-7      -rdynamic CMakeFiles/cmTC_fe1cf.dir/CheckSymbolExists.c.o  -o cmTC_fe1cf 
CMakeFiles/cmTC_fe1cf.dir/CheckSymbolExists.c.o: In function `main':
CheckSymbolExists.c:(.text+0x1b): undefined reference to `pthread_create'
collect2: error: ld returned 1 exit status
CMakeFiles/cmTC_fe1cf.dir/build.make:97: recipe for target 'cmTC_fe1cf' failed
make[1]: *** [cmTC_fe1cf] Error 1
make[1]: Leaving directory '/home/devtop/pacmod_game_control_ui/src/build/CMakeFiles/CMakeTmp'
Makefile:126: recipe for target 'cmTC_fe1cf/fast' failed
make: *** [cmTC_fe1cf/fast] Error 2

File /home/devtop/pacmod_game_control_ui/src/build/CMakeFiles/CMakeTmp/CheckSymbolExists.c:
/* */
#include <pthread.h>

int main(int argc, char** argv)
{
  (void)argv;
#ifndef pthread_create
  return ((int*)(&pthread_create))[argc];
#else
  (void)argc;
  return 0;
#endif
}

Determining if the function pthread_create exists in the pthreads failed with the following output:
Change Dir: /home/devtop/pacmod_game_control_ui/src/build/CMakeFiles/CMakeTmp

Run Build Command:"/usr/bin/make" "cmTC_fa086/fast"
/usr/bin/make -f CMakeFiles/cmTC_fa086.dir/build.make CMakeFiles/cmTC_fa086.dir/build
make[1]: Entering directory '/home/devtop/pacmod_game_control_ui/src/build/CMakeFiles/CMakeTmp'
Building C object CMakeFiles/cmTC_fa086.dir/CheckFunctionExists.c.o
/usr/bin/x86_64-linux-gnu-gcc-7   -DCHECK_FUNCTION_EXISTS=pthread_create   -o CMakeFiles/cmTC_fa086.dir/CheckFunctionExists.c.o   -c /usr/share/cmake-3.10/Modules/CheckFunctionExists.c
Linking C executable cmTC_fa086
/usr/bin/cmake -E cmake_link_script CMakeFiles/cmTC_fa086.dir/link.txt --verbose=1
/usr/bin/x86_64-linux-gnu-gcc-7  -DCHECK_FUNCTION_EXISTS=pthread_create    -rdynamic CMakeFiles/cmTC_fa086.dir/CheckFunctionExists.c.o  -o cmTC_fa086 -lpthreads 
/usr/bin/ld: cannot find -lpthreads
collect2: error: ld returned 1 exit status
CMakeFiles/cmTC_fa086.dir/build.make:97: recipe for target 'cmTC_fa086' failed
make[1]: *** [cmTC_fa086] Error 1
make[1]: Leaving directory '/home/devtop/pacmod_game_control_ui/src/build/CMakeFiles/CMakeTmp'
Makefile:126: recipe for target 'cmTC_fa086/fast' failed
make: *** [cmTC_fa086/fast] Error 2


